2014-05-04 11:34:51,736 [WARN] main (newland.iaf.IafApplication)
经营数据报告保存路径未设置, 使用系统默认路径！[K:\quartzjar/application/rpt]
2014-05-04 11:34:52,965 [ERROR] main (org.hibernate.tool.hbm2ddl.SchemaExport)
HHH000389: Unsuccessful: alter table t_bs_role_auth drop constraint FK_9el6dmhvndb803bj877tbydb1
2014-05-04 11:34:52,966 [ERROR] main (org.hibernate.tool.hbm2ddl.SchemaExport)
Table "T_BS_ROLE_AUTH" not found; SQL statement:
alter table t_bs_role_auth drop constraint FK_9el6dmhvndb803bj877tbydb1 [42102-170]
2014-05-04 11:34:52,967 [ERROR] main (org.hibernate.tool.hbm2ddl.SchemaExport)
HHH000389: Unsuccessful: alter table t_bs_role_auth drop constraint FK_78t393oql30046ktonycfpppe
2014-05-04 11:34:52,968 [ERROR] main (org.hibernate.tool.hbm2ddl.SchemaExport)
Table "T_BS_ROLE_AUTH" not found; SQL statement:
alter table t_bs_role_auth drop constraint FK_78t393oql30046ktonycfpppe [42102-170]
2014-05-04 11:34:52,969 [ERROR] main (org.hibernate.tool.hbm2ddl.SchemaExport)
HHH000389: Unsuccessful: alter table t_bs_user_role drop constraint FK_72wdb4y5sawdp0395keiptea6
2014-05-04 11:34:52,970 [ERROR] main (org.hibernate.tool.hbm2ddl.SchemaExport)
Table "T_BS_USER_ROLE" not found; SQL statement:
alter table t_bs_user_role drop constraint FK_72wdb4y5sawdp0395keiptea6 [42102-170]
2014-05-04 11:34:52,980 [ERROR] main (org.hibernate.tool.hbm2ddl.SchemaExport)
HHH000389: Unsuccessful: alter table t_bs_user_role drop constraint FK_rr1lbd2uyvdlunv1e5jaxksor
2014-05-04 11:34:52,980 [ERROR] main (org.hibernate.tool.hbm2ddl.SchemaExport)
Table "T_BS_USER_ROLE" not found; SQL statement:
alter table t_bs_user_role drop constraint FK_rr1lbd2uyvdlunv1e5jaxksor [42102-170]
2014-05-04 11:34:52,981 [ERROR] main (org.hibernate.tool.hbm2ddl.SchemaExport)
HHH000389: Unsuccessful: alter table t_inst_role_auth drop constraint FK_lqu54r0yyxy938a4kb8pacd4x
2014-05-04 11:34:52,982 [ERROR] main (org.hibernate.tool.hbm2ddl.SchemaExport)
Table "T_INST_ROLE_AUTH" not found; SQL statement:
alter table t_inst_role_auth drop constraint FK_lqu54r0yyxy938a4kb8pacd4x [42102-170]
2014-05-04 11:34:52,983 [ERROR] main (org.hibernate.tool.hbm2ddl.SchemaExport)
HHH000389: Unsuccessful: alter table t_inst_role_auth drop constraint FK_ax4bepvjfvjpp9ljhu0cdnv4q
2014-05-04 11:34:52,983 [ERROR] main (org.hibernate.tool.hbm2ddl.SchemaExport)
Table "T_INST_ROLE_AUTH" not found; SQL statement:
alter table t_inst_role_auth drop constraint FK_ax4bepvjfvjpp9ljhu0cdnv4q [42102-170]
2014-05-04 11:34:52,984 [ERROR] main (org.hibernate.tool.hbm2ddl.SchemaExport)
HHH000389: Unsuccessful: alter table t_inst_user_role drop constraint FK_d7aot0wp9a2hpd71la7vs3xn1
2014-05-04 11:34:52,985 [ERROR] main (org.hibernate.tool.hbm2ddl.SchemaExport)
Table "T_INST_USER_ROLE" not found; SQL statement:
alter table t_inst_user_role drop constraint FK_d7aot0wp9a2hpd71la7vs3xn1 [42102-170]
2014-05-04 11:34:52,986 [ERROR] main (org.hibernate.tool.hbm2ddl.SchemaExport)
HHH000389: Unsuccessful: alter table t_inst_user_role drop constraint FK_f3778ekecvioajx2j141luc8i
2014-05-04 11:34:52,986 [ERROR] main (org.hibernate.tool.hbm2ddl.SchemaExport)
Table "T_INST_USER_ROLE" not found; SQL statement:
alter table t_inst_user_role drop constraint FK_f3778ekecvioajx2j141luc8i [42102-170]
2014-05-04 11:34:52,987 [ERROR] main (org.hibernate.tool.hbm2ddl.SchemaExport)
HHH000389: Unsuccessful: alter table t_ord_operlog drop constraint FK_4v26ox7nd9x8tra5rk4syf29f
2014-05-04 11:34:52,988 [ERROR] main (org.hibernate.tool.hbm2ddl.SchemaExport)
Table "T_ORD_OPERLOG" not found; SQL statement:
alter table t_ord_operlog drop constraint FK_4v26ox7nd9x8tra5rk4syf29f [42102-170]
2014-05-04 11:34:52,989 [ERROR] main (org.hibernate.tool.hbm2ddl.SchemaExport)
HHH000389: Unsuccessful: alter table t_pdt_operlog drop constraint FK_fo0drdo7rcwlxv31fanlce6wj
2014-05-04 11:34:52,990 [ERROR] main (org.hibernate.tool.hbm2ddl.SchemaExport)
Table "T_PDT_OPERLOG" not found; SQL statement:
alter table t_pdt_operlog drop constraint FK_fo0drdo7rcwlxv31fanlce6wj [42102-170]
2014-05-04 11:34:52,991 [ERROR] main (org.hibernate.tool.hbm2ddl.SchemaExport)
HHH000389: Unsuccessful: alter table t_rpt_file drop constraint FK_silei4scew08lmtkhi00kcj9g
2014-05-04 11:34:52,991 [ERROR] main (org.hibernate.tool.hbm2ddl.SchemaExport)
Table "T_RPT_FILE" not found; SQL statement:
alter table t_rpt_file drop constraint FK_silei4scew08lmtkhi00kcj9g [42102-170]
2014-05-04 11:36:00,287 [WARN] main (newland.iaf.IafApplication)
经营数据报告保存路径未设置, 使用系统默认路径！[K:\quartzjar/application/rpt]
2014-05-04 11:36:04,860 [WARN] main (newland.iaf.IafApplication)
未配置密钥保存路径，使用默认路径[K:\quartzjar/application/keyfile]
2014-05-04 11:38:12,758 [WARN] main (newland.iaf.IafApplication)
经营数据报告保存路径未设置, 使用系统默认路径！[K:\quartzjar/application/rpt]
2014-05-04 11:38:16,841 [WARN] main (newland.iaf.IafApplication)
未配置密钥保存路径，使用默认路径[K:\quartzjar/application/keyfile]
2014-05-04 11:40:36,974 [WARN] main (newland.iaf.IafApplication)
经营数据报告保存路径未设置, 使用系统默认路径！[K:\quartzjar/application/rpt]
2014-05-04 11:40:42,812 [WARN] main (newland.iaf.IafApplication)
没有配置PDF生成字库, 使用系统默认字库！[c:\windows\fonts\simsun.ttc]
2014-05-04 11:40:43,664 [WARN] main (newland.iaf.IafApplication)
未配置密钥保存路径，使用默认路径[K:\quartzjar/application/keyfile]
2014-05-04 11:40:44,316 [INFO] main (org.quartz.impl.StdSchedulerFactory)
Using default implementation for ThreadExecutor
2014-05-04 11:40:44,393 [INFO] main (org.quartz.core.SchedulerSignalerImpl)
Initialized Scheduler Signaller of type: class org.quartz.core.SchedulerSignalerImpl
2014-05-04 11:40:44,396 [INFO] main (org.quartz.core.QuartzScheduler)
Quartz Scheduler v.2.1.7 created.
2014-05-04 11:40:44,399 [INFO] main (org.quartz.simpl.RAMJobStore)
RAMJobStore initialized.
2014-05-04 11:40:44,402 [INFO] main (org.quartz.core.QuartzScheduler)
Scheduler meta-data: Quartz Scheduler (v2.1.7) '订单定时器' with instanceId 'NON_CLUSTERED'
  Scheduler class: 'org.quartz.core.QuartzScheduler' - running locally.
  NOT STARTED.
  Currently in standby mode.
  Number of jobs executed: 0
  Using thread pool 'org.quartz.simpl.SimpleThreadPool' - with 10 threads.
  Using job-store 'org.quartz.simpl.RAMJobStore' - which does not support persistence. and is not clustered.

2014-05-04 11:40:44,403 [INFO] main (org.quartz.impl.StdSchedulerFactory)
Quartz scheduler '订单定时器' initialized from an externally provided properties instance.
2014-05-04 11:40:44,404 [INFO] main (org.quartz.impl.StdSchedulerFactory)
Quartz scheduler version: 2.1.7
2014-05-04 11:40:44,409 [INFO] main (org.quartz.core.QuartzScheduler)
JobFactory set to: org.springframework.scheduling.quartz.AdaptableJobFactory@187ac48
2014-05-04 11:40:44,834 [INFO] main (org.quartz.core.QuartzScheduler)
Scheduler 订单定时器_$_NON_CLUSTERED shutting down.
2014-05-04 11:40:44,835 [INFO] main (org.quartz.core.QuartzScheduler)
Scheduler 订单定时器_$_NON_CLUSTERED paused.
2014-05-04 11:40:44,836 [INFO] main (org.quartz.core.QuartzScheduler)
Scheduler 订单定时器_$_NON_CLUSTERED shutdown complete.
2014-05-04 11:50:17,241 [WARN] main (newland.iaf.IafApplication)
经营数据报告保存路径未设置, 使用系统默认路径！[K:\quartzjar/application/rpt]
2014-05-04 11:50:23,127 [WARN] main (newland.iaf.IafApplication)
没有配置PDF生成字库, 使用系统默认字库！[c:\windows\fonts\simsun.ttc]
2014-05-04 11:50:23,925 [WARN] main (newland.iaf.IafApplication)
未配置密钥保存路径，使用默认路径[K:\quartzjar/application/keyfile]
2014-05-04 11:50:24,581 [INFO] main (org.quartz.impl.StdSchedulerFactory)
Using default implementation for ThreadExecutor
2014-05-04 11:50:24,635 [INFO] main (org.quartz.core.SchedulerSignalerImpl)
Initialized Scheduler Signaller of type: class org.quartz.core.SchedulerSignalerImpl
2014-05-04 11:50:24,638 [INFO] main (org.quartz.core.QuartzScheduler)
Quartz Scheduler v.2.1.7 created.
2014-05-04 11:50:24,649 [INFO] main (org.quartz.simpl.RAMJobStore)
RAMJobStore initialized.
2014-05-04 11:50:24,652 [INFO] main (org.quartz.core.QuartzScheduler)
Scheduler meta-data: Quartz Scheduler (v2.1.7) '订单定时器' with instanceId 'NON_CLUSTERED'
  Scheduler class: 'org.quartz.core.QuartzScheduler' - running locally.
  NOT STARTED.
  Currently in standby mode.
  Number of jobs executed: 0
  Using thread pool 'org.quartz.simpl.SimpleThreadPool' - with 10 threads.
  Using job-store 'org.quartz.simpl.RAMJobStore' - which does not support persistence. and is not clustered.

2014-05-04 11:50:24,653 [INFO] main (org.quartz.impl.StdSchedulerFactory)
Quartz scheduler '订单定时器' initialized from an externally provided properties instance.
2014-05-04 11:50:24,653 [INFO] main (org.quartz.impl.StdSchedulerFactory)
Quartz scheduler version: 2.1.7
2014-05-04 11:50:24,659 [INFO] main (org.quartz.core.QuartzScheduler)
JobFactory set to: org.springframework.scheduling.quartz.AdaptableJobFactory@8186e2
2014-05-04 11:50:25,779 [INFO] main (newland.iaf.notice.aspect.MethodInvokeAspect)
注册策略类：[curStatistics][newland.iaf.notice.strategy.CurStatisticsStratgy]
2014-05-04 11:50:26,134 [INFO] main (org.quartz.core.QuartzScheduler)
Scheduler 订单定时器_$_NON_CLUSTERED started.
2014-05-04 11:52:56,219 [WARN] main (newland.iaf.IafApplication)
经营数据报告保存路径未设置, 使用系统默认路径！[K:\quartzjar/application/rpt]
2014-05-04 11:53:01,896 [WARN] main (newland.iaf.IafApplication)
没有配置PDF生成字库, 使用系统默认字库！[c:\windows\fonts\simsun.ttc]
2014-05-04 11:53:02,725 [WARN] main (newland.iaf.IafApplication)
未配置密钥保存路径，使用默认路径[K:\quartzjar/application/keyfile]
2014-05-04 11:53:03,379 [INFO] main (org.quartz.impl.StdSchedulerFactory)
Using default implementation for ThreadExecutor
2014-05-04 11:53:03,433 [INFO] main (org.quartz.core.SchedulerSignalerImpl)
Initialized Scheduler Signaller of type: class org.quartz.core.SchedulerSignalerImpl
2014-05-04 11:53:03,435 [INFO] main (org.quartz.core.QuartzScheduler)
Quartz Scheduler v.2.1.7 created.
2014-05-04 11:53:03,439 [INFO] main (org.quartz.simpl.RAMJobStore)
RAMJobStore initialized.
2014-05-04 11:53:03,442 [INFO] main (org.quartz.core.QuartzScheduler)
Scheduler meta-data: Quartz Scheduler (v2.1.7) '订单定时器' with instanceId 'NON_CLUSTERED'
  Scheduler class: 'org.quartz.core.QuartzScheduler' - running locally.
  NOT STARTED.
  Currently in standby mode.
  Number of jobs executed: 0
  Using thread pool 'org.quartz.simpl.SimpleThreadPool' - with 10 threads.
  Using job-store 'org.quartz.simpl.RAMJobStore' - which does not support persistence. and is not clustered.

2014-05-04 11:53:03,442 [INFO] main (org.quartz.impl.StdSchedulerFactory)
Quartz scheduler '订单定时器' initialized from an externally provided properties instance.
2014-05-04 11:53:03,443 [INFO] main (org.quartz.impl.StdSchedulerFactory)
Quartz scheduler version: 2.1.7
2014-05-04 11:53:03,448 [INFO] main (org.quartz.core.QuartzScheduler)
JobFactory set to: org.springframework.scheduling.quartz.AdaptableJobFactory@1c68933
2014-05-04 11:53:04,789 [INFO] main (newland.iaf.notice.aspect.MethodInvokeAspect)
注册策略类：[curStatistics][newland.iaf.notice.strategy.CurStatisticsStratgy]
2014-05-04 11:53:05,013 [INFO] main (org.quartz.core.QuartzScheduler)
Scheduler 订单定时器_$_NON_CLUSTERED started.
2014-05-04 11:54:05,364 [WARN] main (newland.iaf.IafApplication)
经营数据报告保存路径未设置, 使用系统默认路径！[K:\quartzjar/application/rpt]
2014-05-04 11:54:11,140 [WARN] main (newland.iaf.IafApplication)
没有配置PDF生成字库, 使用系统默认字库！[c:\windows\fonts\simsun.ttc]
2014-05-04 11:54:11,927 [WARN] main (newland.iaf.IafApplication)
未配置密钥保存路径，使用默认路径[K:\quartzjar/application/keyfile]
2014-05-04 11:54:12,573 [INFO] main (org.quartz.impl.StdSchedulerFactory)
Using default implementation for ThreadExecutor
2014-05-04 11:54:12,626 [INFO] main (org.quartz.core.SchedulerSignalerImpl)
Initialized Scheduler Signaller of type: class org.quartz.core.SchedulerSignalerImpl
2014-05-04 11:54:12,628 [INFO] main (org.quartz.core.QuartzScheduler)
Quartz Scheduler v.2.1.7 created.
2014-05-04 11:54:12,632 [INFO] main (org.quartz.simpl.RAMJobStore)
RAMJobStore initialized.
2014-05-04 11:54:12,636 [INFO] main (org.quartz.core.QuartzScheduler)
Scheduler meta-data: Quartz Scheduler (v2.1.7) '订单定时器' with instanceId 'NON_CLUSTERED'
  Scheduler class: 'org.quartz.core.QuartzScheduler' - running locally.
  NOT STARTED.
  Currently in standby mode.
  Number of jobs executed: 0
  Using thread pool 'org.quartz.simpl.SimpleThreadPool' - with 10 threads.
  Using job-store 'org.quartz.simpl.RAMJobStore' - which does not support persistence. and is not clustered.

2014-05-04 11:54:12,636 [INFO] main (org.quartz.impl.StdSchedulerFactory)
Quartz scheduler '订单定时器' initialized from an externally provided properties instance.
2014-05-04 11:54:12,637 [INFO] main (org.quartz.impl.StdSchedulerFactory)
Quartz scheduler version: 2.1.7
2014-05-04 11:54:12,642 [INFO] main (org.quartz.core.QuartzScheduler)
JobFactory set to: org.springframework.scheduling.quartz.AdaptableJobFactory@c9d6be
2014-05-04 11:54:13,982 [INFO] main (newland.iaf.notice.aspect.MethodInvokeAspect)
注册策略类：[curStatistics][newland.iaf.notice.strategy.CurStatisticsStratgy]
2014-05-04 11:54:14,240 [INFO] main (org.quartz.core.QuartzScheduler)
Scheduler 订单定时器_$_NON_CLUSTERED started.
2014-05-04 11:54:18,970 [INFO] main (org.quartz.core.QuartzScheduler)
Scheduler 订单定时器_$_NON_CLUSTERED shutting down.
2014-05-04 11:54:18,970 [INFO] main (org.quartz.core.QuartzScheduler)
Scheduler 订单定时器_$_NON_CLUSTERED paused.
2014-05-04 11:54:19,274 [INFO] main (org.quartz.core.QuartzScheduler)
Scheduler 订单定时器_$_NON_CLUSTERED shutdown complete.
2014-05-04 12:11:30,195 [WARN] main (newland.iaf.IafApplication)
经营数据报告保存路径未设置, 使用系统默认路径！[K:\quartzjar/application/rpt]
2014-05-04 12:11:36,571 [WARN] main (newland.iaf.IafApplication)
没有配置PDF生成字库, 使用系统默认字库！[c:\windows\fonts\simsun.ttc]
2014-05-04 12:11:37,483 [WARN] main (newland.iaf.IafApplication)
未配置密钥保存路径，使用默认路径[K:\quartzjar/application/keyfile]
2014-05-04 12:11:38,170 [INFO] main (org.quartz.impl.StdSchedulerFactory)
Using default implementation for ThreadExecutor
2014-05-04 12:11:38,228 [INFO] main (org.quartz.core.SchedulerSignalerImpl)
Initialized Scheduler Signaller of type: class org.quartz.core.SchedulerSignalerImpl
2014-05-04 12:11:38,232 [INFO] main (org.quartz.core.QuartzScheduler)
Quartz Scheduler v.2.1.7 created.
2014-05-04 12:11:38,238 [INFO] main (org.quartz.simpl.RAMJobStore)
RAMJobStore initialized.
2014-05-04 12:11:38,242 [INFO] main (org.quartz.core.QuartzScheduler)
Scheduler meta-data: Quartz Scheduler (v2.1.7) '订单定时器' with instanceId 'NON_CLUSTERED'
  Scheduler class: 'org.quartz.core.QuartzScheduler' - running locally.
  NOT STARTED.
  Currently in standby mode.
  Number of jobs executed: 0
  Using thread pool 'org.quartz.simpl.SimpleThreadPool' - with 10 threads.
  Using job-store 'org.quartz.simpl.RAMJobStore' - which does not support persistence. and is not clustered.

2014-05-04 12:11:38,242 [INFO] main (org.quartz.impl.StdSchedulerFactory)
Quartz scheduler '订单定时器' initialized from an externally provided properties instance.
2014-05-04 12:11:38,243 [INFO] main (org.quartz.impl.StdSchedulerFactory)
Quartz scheduler version: 2.1.7
2014-05-04 12:11:38,250 [INFO] main (org.quartz.core.QuartzScheduler)
JobFactory set to: org.springframework.scheduling.quartz.AdaptableJobFactory@5a8812
2014-05-04 12:11:39,893 [INFO] main (newland.iaf.notice.aspect.MethodInvokeAspect)
注册策略类：[curStatistics][newland.iaf.notice.strategy.CurStatisticsStratgy]
2014-05-04 12:11:40,284 [INFO] main (org.quartz.core.QuartzScheduler)
Scheduler 订单定时器_$_NON_CLUSTERED started.
2014-05-04 12:11:57,257 [INFO] main (org.quartz.core.QuartzScheduler)
Scheduler 订单定时器_$_NON_CLUSTERED shutting down.
2014-05-04 12:11:57,257 [INFO] main (org.quartz.core.QuartzScheduler)
Scheduler 订单定时器_$_NON_CLUSTERED paused.
2014-05-04 12:11:57,740 [INFO] main (org.quartz.core.QuartzScheduler)
Scheduler 订单定时器_$_NON_CLUSTERED shutdown complete.
2014-05-04 12:15:16,193 [WARN] main (newland.iaf.IafApplication)
经营数据报告保存路径未设置, 使用系统默认路径！[K:\quartzjar/application/rpt]
2014-05-04 12:15:22,368 [WARN] main (newland.iaf.IafApplication)
没有配置PDF生成字库, 使用系统默认字库！[c:\windows\fonts\simsun.ttc]
2014-05-04 12:15:23,240 [WARN] main (newland.iaf.IafApplication)
未配置密钥保存路径，使用默认路径[K:\quartzjar/application/keyfile]
2014-05-04 12:15:23,971 [INFO] main (org.quartz.impl.StdSchedulerFactory)
Using default implementation for ThreadExecutor
2014-05-04 12:15:24,026 [INFO] main (org.quartz.core.SchedulerSignalerImpl)
Initialized Scheduler Signaller of type: class org.quartz.core.SchedulerSignalerImpl
2014-05-04 12:15:24,029 [INFO] main (org.quartz.core.QuartzScheduler)
Quartz Scheduler v.2.1.7 created.
2014-05-04 12:15:24,035 [INFO] main (org.quartz.simpl.RAMJobStore)
RAMJobStore initialized.
2014-05-04 12:15:24,039 [INFO] main (org.quartz.core.QuartzScheduler)
Scheduler meta-data: Quartz Scheduler (v2.1.7) '订单定时器' with instanceId 'NON_CLUSTERED'
  Scheduler class: 'org.quartz.core.QuartzScheduler' - running locally.
  NOT STARTED.
  Currently in standby mode.
  Number of jobs executed: 0
  Using thread pool 'org.quartz.simpl.SimpleThreadPool' - with 10 threads.
  Using job-store 'org.quartz.simpl.RAMJobStore' - which does not support persistence. and is not clustered.

2014-05-04 12:15:24,039 [INFO] main (org.quartz.impl.StdSchedulerFactory)
Quartz scheduler '订单定时器' initialized from an externally provided properties instance.
2014-05-04 12:15:24,040 [INFO] main (org.quartz.impl.StdSchedulerFactory)
Quartz scheduler version: 2.1.7
2014-05-04 12:15:24,046 [INFO] main (org.quartz.core.QuartzScheduler)
JobFactory set to: org.springframework.scheduling.quartz.AdaptableJobFactory@197134d
2014-05-04 12:15:25,510 [INFO] main (newland.iaf.notice.aspect.MethodInvokeAspect)
注册策略类：[curStatistics][newland.iaf.notice.strategy.CurStatisticsStratgy]
2014-05-04 12:15:25,771 [INFO] main (org.quartz.core.QuartzScheduler)
Scheduler 订单定时器_$_NON_CLUSTERED started.
2014-05-04 12:22:55,018 [INFO] main (org.quartz.core.QuartzScheduler)
Scheduler 订单定时器_$_NON_CLUSTERED shutting down.
2014-05-04 12:22:55,018 [INFO] main (org.quartz.core.QuartzScheduler)
Scheduler 订单定时器_$_NON_CLUSTERED paused.
2014-05-04 12:22:55,235 [INFO] main (org.quartz.core.QuartzScheduler)
Scheduler 订单定时器_$_NON_CLUSTERED shutdown complete.
2014-05-04 13:23:23,231 [WARN] main (newland.iaf.IafApplication)
经营数据报告保存路径未设置, 使用系统默认路径！[K:\quartzjar/application/rpt]
2014-05-04 13:23:29,172 [WARN] main (newland.iaf.IafApplication)
没有配置PDF生成字库, 使用系统默认字库！[c:\windows\fonts\simsun.ttc]
2014-05-04 13:23:29,994 [WARN] main (newland.iaf.IafApplication)
未配置密钥保存路径，使用默认路径[K:\quartzjar/application/keyfile]
2014-05-04 13:23:30,656 [INFO] main (org.quartz.impl.StdSchedulerFactory)
Using default implementation for ThreadExecutor
2014-05-04 13:23:30,711 [INFO] main (org.quartz.core.SchedulerSignalerImpl)
Initialized Scheduler Signaller of type: class org.quartz.core.SchedulerSignalerImpl
2014-05-04 13:23:30,714 [INFO] main (org.quartz.core.QuartzScheduler)
Quartz Scheduler v.2.1.7 created.
2014-05-04 13:23:30,717 [INFO] main (org.quartz.simpl.RAMJobStore)
RAMJobStore initialized.
2014-05-04 13:23:30,720 [INFO] main (org.quartz.core.QuartzScheduler)
Scheduler meta-data: Quartz Scheduler (v2.1.7) '订单定时器' with instanceId 'NON_CLUSTERED'
  Scheduler class: 'org.quartz.core.QuartzScheduler' - running locally.
  NOT STARTED.
  Currently in standby mode.
  Number of jobs executed: 0
  Using thread pool 'org.quartz.simpl.SimpleThreadPool' - with 10 threads.
  Using job-store 'org.quartz.simpl.RAMJobStore' - which does not support persistence. and is not clustered.

2014-05-04 13:23:30,721 [INFO] main (org.quartz.impl.StdSchedulerFactory)
Quartz scheduler '订单定时器' initialized from an externally provided properties instance.
2014-05-04 13:23:30,722 [INFO] main (org.quartz.impl.StdSchedulerFactory)
Quartz scheduler version: 2.1.7
2014-05-04 13:23:30,727 [INFO] main (org.quartz.core.QuartzScheduler)
JobFactory set to: org.springframework.scheduling.quartz.AdaptableJobFactory@166b697
2014-05-04 13:23:32,090 [INFO] main (newland.iaf.notice.aspect.MethodInvokeAspect)
注册策略类：[curStatistics][newland.iaf.notice.strategy.CurStatisticsStratgy]
2014-05-04 13:23:32,341 [INFO] main (org.quartz.core.QuartzScheduler)
Scheduler 订单定时器_$_NON_CLUSTERED started.
2014-05-04 13:23:34,825 [INFO] main (org.quartz.core.QuartzScheduler)
Scheduler 订单定时器_$_NON_CLUSTERED shutting down.
2014-05-04 13:23:34,826 [INFO] main (org.quartz.core.QuartzScheduler)
Scheduler 订单定时器_$_NON_CLUSTERED paused.
2014-05-04 13:23:35,266 [INFO] main (org.quartz.core.QuartzScheduler)
Scheduler 订单定时器_$_NON_CLUSTERED shutdown complete.
2014-05-04 13:50:05,460 [WARN] main (newland.iaf.IafApplication)
经营数据报告保存路径未设置, 使用系统默认路径！[K:\quartzjar/application/rpt]
2014-05-04 13:51:36,237 [WARN] main (newland.iaf.IafApplication)
经营数据报告保存路径未设置, 使用系统默认路径！[K:\quartzjar/application/rpt]
2014-05-04 13:51:43,316 [WARN] main (newland.iaf.IafApplication)
没有配置PDF生成字库, 使用系统默认字库！[c:\windows\fonts\simsun.ttc]
2014-05-04 13:51:44,920 [WARN] main (newland.iaf.IafApplication)
未配置密钥保存路径，使用默认路径[K:\quartzjar/application/keyfile]
2014-05-04 13:51:45,712 [INFO] main (org.quartz.impl.StdSchedulerFactory)
Using default implementation for ThreadExecutor
2014-05-04 13:51:45,803 [INFO] main (org.quartz.core.SchedulerSignalerImpl)
Initialized Scheduler Signaller of type: class org.quartz.core.SchedulerSignalerImpl
2014-05-04 13:51:45,807 [INFO] main (org.quartz.core.QuartzScheduler)
Quartz Scheduler v.2.1.7 created.
2014-05-04 13:51:45,811 [INFO] main (org.quartz.simpl.RAMJobStore)
RAMJobStore initialized.
2014-05-04 13:51:45,816 [INFO] main (org.quartz.core.QuartzScheduler)
Scheduler meta-data: Quartz Scheduler (v2.1.7) '订单定时器' with instanceId 'NON_CLUSTERED'
  Scheduler class: 'org.quartz.core.QuartzScheduler' - running locally.
  NOT STARTED.
  Currently in standby mode.
  Number of jobs executed: 0
  Using thread pool 'org.quartz.simpl.SimpleThreadPool' - with 10 threads.
  Using job-store 'org.quartz.simpl.RAMJobStore' - which does not support persistence. and is not clustered.

2014-05-04 13:51:45,817 [INFO] main (org.quartz.impl.StdSchedulerFactory)
Quartz scheduler '订单定时器' initialized from an externally provided properties instance.
2014-05-04 13:51:45,817 [INFO] main (org.quartz.impl.StdSchedulerFactory)
Quartz scheduler version: 2.1.7
2014-05-04 13:51:45,826 [INFO] main (org.quartz.core.QuartzScheduler)
JobFactory set to: org.springframework.scheduling.quartz.AdaptableJobFactory@97c240
2014-05-04 13:51:47,488 [INFO] main (newland.iaf.notice.aspect.MethodInvokeAspect)
注册策略类：[curStatistics][newland.iaf.notice.strategy.CurStatisticsStratgy]
2014-05-04 13:51:47,641 [INFO] main (org.quartz.core.QuartzScheduler)
Scheduler 订单定时器_$_NON_CLUSTERED shutting down.
2014-05-04 13:51:47,641 [INFO] main (org.quartz.core.QuartzScheduler)
Scheduler 订单定时器_$_NON_CLUSTERED paused.
2014-05-04 13:51:47,643 [INFO] main (org.quartz.core.QuartzScheduler)
Scheduler 订单定时器_$_NON_CLUSTERED shutdown complete.
2014-05-04 13:55:51,785 [WARN] main (newland.iaf.IafApplication)
经营数据报告保存路径未设置, 使用系统默认路径！[K:\quartzjar/application/rpt]
2014-05-04 13:55:57,913 [WARN] main (newland.iaf.IafApplication)
没有配置PDF生成字库, 使用系统默认字库！[c:\windows\fonts\simsun.ttc]
2014-05-04 13:55:58,815 [WARN] main (newland.iaf.IafApplication)
未配置密钥保存路径，使用默认路径[K:\quartzjar/application/keyfile]
2014-05-04 13:55:59,583 [INFO] main (org.quartz.impl.StdSchedulerFactory)
Using default implementation for ThreadExecutor
2014-05-04 13:55:59,637 [INFO] main (org.quartz.core.SchedulerSignalerImpl)
Initialized Scheduler Signaller of type: class org.quartz.core.SchedulerSignalerImpl
2014-05-04 13:55:59,640 [INFO] main (org.quartz.core.QuartzScheduler)
Quartz Scheduler v.2.1.7 created.
2014-05-04 13:55:59,643 [INFO] main (org.quartz.simpl.RAMJobStore)
RAMJobStore initialized.
2014-05-04 13:55:59,646 [INFO] main (org.quartz.core.QuartzScheduler)
Scheduler meta-data: Quartz Scheduler (v2.1.7) '订单定时器' with instanceId 'NON_CLUSTERED'
  Scheduler class: 'org.quartz.core.QuartzScheduler' - running locally.
  NOT STARTED.
  Currently in standby mode.
  Number of jobs executed: 0
  Using thread pool 'org.quartz.simpl.SimpleThreadPool' - with 10 threads.
  Using job-store 'org.quartz.simpl.RAMJobStore' - which does not support persistence. and is not clustered.

2014-05-04 13:55:59,647 [INFO] main (org.quartz.impl.StdSchedulerFactory)
Quartz scheduler '订单定时器' initialized from an externally provided properties instance.
2014-05-04 13:55:59,647 [INFO] main (org.quartz.impl.StdSchedulerFactory)
Quartz scheduler version: 2.1.7
2014-05-04 13:55:59,653 [INFO] main (org.quartz.core.QuartzScheduler)
JobFactory set to: org.springframework.scheduling.quartz.AdaptableJobFactory@25a483
2014-05-04 13:56:01,141 [INFO] main (newland.iaf.notice.aspect.MethodInvokeAspect)
注册策略类：[curStatistics][newland.iaf.notice.strategy.CurStatisticsStratgy]
2014-05-04 13:56:01,354 [INFO] main (org.quartz.core.QuartzScheduler)
Scheduler 订单定时器_$_NON_CLUSTERED shutting down.
2014-05-04 13:56:01,355 [INFO] main (org.quartz.core.QuartzScheduler)
Scheduler 订单定时器_$_NON_CLUSTERED paused.
2014-05-04 13:56:01,357 [INFO] main (org.quartz.core.QuartzScheduler)
Scheduler 订单定时器_$_NON_CLUSTERED shutdown complete.
2014-05-04 14:02:21,130 [WARN] main (newland.iaf.IafApplication)
经营数据报告保存路径未设置, 使用系统默认路径！[K:\quartzjar/application/rpt]
2014-05-04 14:02:27,086 [WARN] main (newland.iaf.IafApplication)
没有配置PDF生成字库, 使用系统默认字库！[c:\windows\fonts\simsun.ttc]
2014-05-04 14:02:27,886 [WARN] main (newland.iaf.IafApplication)
未配置密钥保存路径，使用默认路径[K:\quartzjar/application/keyfile]
2014-05-04 14:02:28,555 [INFO] main (org.quartz.impl.StdSchedulerFactory)
Using default implementation for ThreadExecutor
2014-05-04 14:02:28,610 [INFO] main (org.quartz.core.SchedulerSignalerImpl)
Initialized Scheduler Signaller of type: class org.quartz.core.SchedulerSignalerImpl
2014-05-04 14:02:28,612 [INFO] main (org.quartz.core.QuartzScheduler)
Quartz Scheduler v.2.1.7 created.
2014-05-04 14:02:28,616 [INFO] main (org.quartz.simpl.RAMJobStore)
RAMJobStore initialized.
2014-05-04 14:02:28,619 [INFO] main (org.quartz.core.QuartzScheduler)
Scheduler meta-data: Quartz Scheduler (v2.1.7) '订单定时器' with instanceId 'NON_CLUSTERED'
  Scheduler class: 'org.quartz.core.QuartzScheduler' - running locally.
  NOT STARTED.
  Currently in standby mode.
  Number of jobs executed: 0
  Using thread pool 'org.quartz.simpl.SimpleThreadPool' - with 10 threads.
  Using job-store 'org.quartz.simpl.RAMJobStore' - which does not support persistence. and is not clustered.

2014-05-04 14:02:28,620 [INFO] main (org.quartz.impl.StdSchedulerFactory)
Quartz scheduler '订单定时器' initialized from an externally provided properties instance.
2014-05-04 14:02:28,620 [INFO] main (org.quartz.impl.StdSchedulerFactory)
Quartz scheduler version: 2.1.7
2014-05-04 14:02:28,625 [INFO] main (org.quartz.core.QuartzScheduler)
JobFactory set to: org.springframework.scheduling.quartz.AdaptableJobFactory@1c7ceed
2014-05-04 14:02:30,030 [INFO] main (newland.iaf.notice.aspect.MethodInvokeAspect)
注册策略类：[curStatistics][newland.iaf.notice.strategy.CurStatisticsStratgy]
2014-05-04 14:02:30,265 [INFO] main (org.quartz.core.QuartzScheduler)
Scheduler 订单定时器_$_NON_CLUSTERED started.
2014-05-04 14:02:32,441 [INFO] main (org.quartz.core.QuartzScheduler)
Scheduler 订单定时器_$_NON_CLUSTERED shutting down.
2014-05-04 14:02:32,442 [INFO] main (org.quartz.core.QuartzScheduler)
Scheduler 订单定时器_$_NON_CLUSTERED paused.
2014-05-04 14:02:32,571 [INFO] main (org.quartz.core.QuartzScheduler)
Scheduler 订单定时器_$_NON_CLUSTERED shutdown complete.
2014-07-10 16:47:51,368 [WARN] main (newland.iaf.IafApplication)
经营数据报告保存路径未设置, 使用系统默认路径！[C:\Users\Memego-\Desktop\quartzjar/application/rpt]
2014-07-10 16:47:56,328 [WARN] main (newland.iaf.IafApplication)
没有配置PDF生成字库, 使用系统默认字库！[c:\windows\fonts\simsun.ttc]
2014-07-10 16:47:56,973 [WARN] main (newland.iaf.IafApplication)
未配置密钥保存路径，使用默认路径[C:\Users\Memego-\Desktop\quartzjar/application/keyfile]
2014-07-10 16:47:57,532 [INFO] main (org.quartz.impl.StdSchedulerFactory)
Using default implementation for ThreadExecutor
2014-07-10 16:47:57,580 [INFO] main (org.quartz.core.SchedulerSignalerImpl)
Initialized Scheduler Signaller of type: class org.quartz.core.SchedulerSignalerImpl
2014-07-10 16:47:57,583 [INFO] main (org.quartz.core.QuartzScheduler)
Quartz Scheduler v.2.1.7 created.
2014-07-10 16:47:57,586 [INFO] main (org.quartz.simpl.RAMJobStore)
RAMJobStore initialized.
2014-07-10 16:47:57,589 [INFO] main (org.quartz.core.QuartzScheduler)
Scheduler meta-data: Quartz Scheduler (v2.1.7) '订单定时器' with instanceId 'NON_CLUSTERED'
  Scheduler class: 'org.quartz.core.QuartzScheduler' - running locally.
  NOT STARTED.
  Currently in standby mode.
  Number of jobs executed: 0
  Using thread pool 'org.quartz.simpl.SimpleThreadPool' - with 10 threads.
  Using job-store 'org.quartz.simpl.RAMJobStore' - which does not support persistence. and is not clustered.

2014-07-10 16:47:57,590 [INFO] main (org.quartz.impl.StdSchedulerFactory)
Quartz scheduler '订单定时器' initialized from an externally provided properties instance.
2014-07-10 16:47:57,590 [INFO] main (org.quartz.impl.StdSchedulerFactory)
Quartz scheduler version: 2.1.7
2014-07-10 16:47:57,595 [INFO] main (org.quartz.core.QuartzScheduler)
JobFactory set to: org.springframework.scheduling.quartz.AdaptableJobFactory@1c5bb3d
2014-07-10 16:47:58,487 [INFO] main (newland.iaf.notice.aspect.MethodInvokeAspect)
注册策略类：[curStatistics][newland.iaf.notice.strategy.CurStatisticsStratgy]
2014-07-10 16:47:58,928 [INFO] main (org.quartz.core.QuartzScheduler)
Scheduler 订单定时器_$_NON_CLUSTERED started.
2014-07-10 16:48:03,046 [INFO] main (org.quartz.core.QuartzScheduler)
Scheduler 订单定时器_$_NON_CLUSTERED shutting down.
2014-07-10 16:48:03,047 [INFO] main (org.quartz.core.QuartzScheduler)
Scheduler 订单定时器_$_NON_CLUSTERED paused.
2014-07-10 16:48:03,550 [INFO] main (org.quartz.core.QuartzScheduler)
Scheduler 订单定时器_$_NON_CLUSTERED shutdown complete.
